[01:55:29] [main/INFO]: Loading Minecraft 1.21 with Fabric Loader 0.16.2
[01:55:31] [ForkJoinPool-1-worker-1/WARN]: Mod travelersbackpack uses the version fabric-1.21-10.0.6 which isn't compatible with Loader's extended semantic version format (Could not parse version number component 'fabric'!), SemVer is recommended for reliably evaluating dependencies and prioritizing newer version
[01:55:31] [main/INFO]: Loading 60 mods:
	- cardinal-components 6.1.0
	   |-- cardinal-components-base 6.1.0
	   |-- cardinal-components-block 6.1.0
	   |-- cardinal-components-chunk 6.1.0
	   |-- cardinal-components-entity 6.1.0
	   |-- cardinal-components-item 6.1.0
	   |-- cardinal-components-level 6.1.0
	   |-- cardinal-components-scoreboard 6.1.0
	   \-- cardinal-components-world 6.1.0
	- carryon 2.2.1
	- cloth-config 15.0.128
	   \-- cloth-basic-math 0.6.1
	- fabric-api 0.102.0+1.21
	   |-- fabric-api-base 0.4.42+6573ed8cd1
	   |-- fabric-api-lookup-api-v1 1.6.68+b5597344d1
	   |-- fabric-biome-api-v1 13.0.29+5bd9f1bcd1
	   |-- fabric-block-api-v1 1.0.22+0af3f5a7d1
	   |-- fabric-block-view-api-v2 1.0.10+6573ed8cd1
	   |-- fabric-blockrenderlayer-v1 1.1.52+0af3f5a7d1
	   |-- fabric-client-tags-api-v1 1.1.15+6573ed8cd1
	   |-- fabric-command-api-v1 1.2.49+f71b366fd1
	   |-- fabric-command-api-v2 2.2.28+6ced4dd9d1
	   |-- fabric-commands-v0 0.2.66+df3654b3d1
	   |-- fabric-content-registries-v0 8.0.16+b5597344d1
	   |-- fabric-convention-tags-v1 2.0.19+7f945d5bd1
	   |-- fabric-convention-tags-v2 2.5.0+c5e2b5c6d1
	   |-- fabric-crash-report-info-v1 0.2.29+0af3f5a7d1
	   |-- fabric-data-attachment-api-v1 1.1.27+6a6dfa19d1
	   |-- fabric-data-generation-api-v1 20.2.16+16c4ae25d1
	   |-- fabric-dimensions-v1 4.0.0+6fc22b99d1
	   |-- fabric-entity-events-v1 1.6.12+6fc22b99d1
	   |-- fabric-events-interaction-v0 0.7.12+ba9dae06d1
	   |-- fabric-game-rule-api-v1 1.0.53+6ced4dd9d1
	   |-- fabric-item-api-v1 11.0.0+afdfc921d1
	   |-- fabric-item-group-api-v1 4.1.4+78017270d1
	   |-- fabric-key-binding-api-v1 1.0.47+0af3f5a7d1
	   |-- fabric-keybindings-v0 0.2.45+df3654b3d1
	   |-- fabric-lifecycle-events-v1 2.3.12+6c1df360d1
	   |-- fabric-loot-api-v2 3.0.14+3f89f5a5d1
	   |-- fabric-loot-api-v3 1.0.2+3f89f5a5d1
	   |-- fabric-message-api-v1 6.0.13+6573ed8cd1
	   |-- fabric-model-loading-api-v1 2.0.0+fe474d6bd1
	   |-- fabric-networking-api-v1 4.2.2+60c3209bd1
	   |-- fabric-object-builder-api-v1 15.2.0+a551f7a4d1
	   |-- fabric-particles-v1 4.0.2+6573ed8cd1
	   |-- fabric-recipe-api-v1 5.0.12+65089712d1
	   |-- fabric-registry-sync-v0 5.1.2+60c3209bd1
	   |-- fabric-renderer-api-v1 3.4.0+c705a49cd1
	   |-- fabric-renderer-indigo 1.7.0+c705a49cd1
	   |-- fabric-renderer-registries-v1 3.2.68+df3654b3d1
	   |-- fabric-rendering-data-attachment-v1 0.3.48+73761d2ed1
	   |-- fabric-rendering-fluids-v1 3.1.6+b5597344d1
	   |-- fabric-rendering-v0 1.1.71+df3654b3d1
	   |-- fabric-rendering-v1 5.0.5+df16efd0d1
	   |-- fabric-resource-conditions-api-v1 4.3.0+8dc279b1d1
	   |-- fabric-resource-loader-v0 1.3.0+56599129d1
	   |-- fabric-screen-api-v1 2.0.24+b5597344d1
	   |-- fabric-screen-handler-api-v1 1.3.86+b5597344d1
	   |-- fabric-sound-api-v1 1.0.23+6573ed8cd1
	   |-- fabric-transfer-api-v1 5.1.16+3dccd343d1
	   \-- fabric-transitive-access-wideners-v1 6.1.0+176f9036d1
	- fabricloader 0.16.2
	   \-- mixinextras 0.4.1
	- jade 15.1.4+fabric
	- java 21
	- jei 19.8.2.99
	- journeymap 1.21-6.0.0-beta.16
	   |-- ar_com_hjg_pngj 2.1.0
	   |-- commonnetworking 1.0.11-1.21
	   \-- journeymap-api-fabric 2.0.0-1.21-SNAPSHOT
	- minecraft 1.21
	- travelersbackpack fabric-1.21-10.0.6
[01:55:32] [main/INFO]: SpongePowered MIXIN Subsystem Version=0.8.7 Source=file:/workspaces/Bro-Server-MSX/servidor_minecraft/libraries/net/fabricmc/sponge-mixin/0.15.2+mixin.0.8.7/sponge-mixin-0.15.2+mixin.0.8.7.jar Service=Knot/Fabric Env=SERVER
[01:55:32] [main/INFO]: Compatibility level set to JAVA_21
[01:55:33] [main/WARN]: Reference map 'journeymap-refmap.json' for journeymap.mixins.json could not be read. If this is a development environment you can ignore this message
[01:55:33] [main/WARN]: Reference map 'journeymap-refmap.json' for journeymap.fabric.mixins.json could not be read. If this is a development environment you can ignore this message
[01:55:34] [main/INFO]: Initializing MixinExtras via com.llamalad7.mixinextras.service.MixinExtrasServiceImpl(version=0.4.1).
[01:55:53] [main/INFO]: Initializing ServerSide Packet Registries
[01:55:54] [main/INFO]: Registered the FluidEffect with Unique ID of minecraft:water for minecraft:water 81000 with the ID 0
[01:55:54] [main/INFO]: Registered the FluidEffect with Unique ID of minecraft:lava for minecraft:lava 81000 with the ID 1
[01:55:54] [main/INFO]: Registered the FluidEffect with Unique ID of travelersbackpack:potion for travelersbackpack:potion_still 27000 with the ID 2
[01:55:54] [main/INFO]: Registered the FluidEffect with Unique ID of travelersbackpack:milk for travelersbackpack:milk_still 81000 with the ID 3
[01:55:55] [main/INFO]: Environment: Environment[sessionHost=https://sessionserver.mojang.com, servicesHost=https://api.minecraftservices.com, name=PROD]
[01:56:00] [main/INFO]: Loaded 1415 recipes
[01:56:01] [main/INFO]: Loaded 1524 advancements
[01:56:02] [main/INFO]: Applied 0 biome modifications to 0 of 64 new biomes in 12.45 ms
[01:56:02] [Server thread/INFO]: Starting minecraft server version 1.21
[01:56:02] [Server thread/INFO]: Loading properties
[01:56:02] [Server thread/INFO]: Default game type: SURVIVAL
[01:56:02] [Server thread/INFO]: Generating keypair
[01:56:03] [Server thread/INFO]: Starting Minecraft server on *:25565
[01:56:03] [Server thread/INFO]: Using epoll channel type
[01:56:03] [Server thread/WARN]: **** SERVER IS RUNNING IN OFFLINE/INSECURE MODE!
[01:56:03] [Server thread/WARN]: The server will make no attempt to authenticate usernames. Beware.
[01:56:03] [Server thread/WARN]: While this makes the game possible to play without internet access, it also opens up the ability for hackers to connect with any username they choose.
[01:56:03] [Server thread/WARN]: To change this, set "online-mode" to "true" in the server.properties file.
[01:56:03] [Server thread/INFO]: Preparing level "world"
[01:56:15] [Server thread/INFO]: Preparing start region for dimension minecraft:overworld
[01:56:16] [Worker-Main-1/INFO]: Preparing spawn area: 0%
[01:56:16] [Worker-Main-1/INFO]: Preparing spawn area: 0%
[01:56:16] [Worker-Main-1/INFO]: Preparing spawn area: 0%
[01:56:16] [Worker-Main-1/INFO]: Preparing spawn area: 0%
[01:56:17] [Server thread/INFO]: Time elapsed: 1850 ms
[01:56:17] [Server thread/INFO]: Done (13.770s)! For help, type "help"
[01:56:17] [Server thread/INFO]: Start loading plugin from Jade: snownee.jade.addon.core.CorePlugin
[01:56:17] [Server thread/INFO]: Start loading plugin from Jade: snownee.jade.addon.vanilla.VanillaPlugin
[01:56:17] [Server thread/INFO]: Start loading plugin from Jade: snownee.jade.addon.universal.UniversalPlugin
[01:56:17] [Server thread/INFO]: Start loading plugin from Jade: snownee.jade.addon.debug.DebugPlugin
[01:56:17] [Server thread/INFO]: Loaded null for service interface journeymap.api.services.WebMapService
[01:56:17] [Server thread/INFO]: Loaded journeymap.common.helpers.FabricClientHooks@a9cdd54 for service interface journeymap.api.services.ClientPlatformService
[01:56:17] [Server thread/INFO]: Loaded journeymap.common.helpers.FabricHooks@42780f6b for service interface journeymap.api.services.CommonPlatformService
